{"uid":"41ea248d93a41174","name":"searchTest","fullName":"testNG.Search.searchTest","historyId":"d4ebd895400c7f8a156fba8a9f267535","time":{"start":1685884372337,"stop":1685884372341,"duration":4},"status":"skipped","statusMessage":"java.lang.ArrayIndexOutOfBoundsException: Index 3 out of bounds for length 3","statusTrace":"java.lang.RuntimeException: java.lang.ArrayIndexOutOfBoundsException: Index 3 out of bounds for length 3\r\n\tat org.testng.internal.MethodInvocationHelper.invokeMethodNoCheckedException(MethodInvocationHelper.java:50)\r\n\tat org.testng.internal.MethodInvocationHelper.invokeDataProvider(MethodInvocationHelper.java:146)\r\n\tat org.testng.internal.Parameters.handleParameters(Parameters.java:798)\r\n\tat org.testng.internal.Parameters.handleParameters(Parameters.java:740)\r\n\tat org.testng.internal.ParameterHandler.handleParameters(ParameterHandler.java:59)\r\n\tat org.testng.internal.ParameterHandler.createParameters(ParameterHandler.java:38)\r\n\tat org.testng.internal.TestInvoker$MethodInvocationAgent.invoke(TestInvoker.java:791)\r\n\tat org.testng.internal.TestInvoker.invokeTestMethods(TestInvoker.java:146)\r\n\tat org.testng.internal.TestMethodWorker.invokeTestMethods(TestMethodWorker.java:146)\r\n\tat org.testng.internal.TestMethodWorker.run(TestMethodWorker.java:128)\r\n\tat java.base/java.util.ArrayList.forEach(ArrayList.java:1511)\r\n\tat org.testng.TestRunner.privateRun(TestRunner.java:794)\r\n\tat org.testng.TestRunner.run(TestRunner.java:596)\r\n\tat org.testng.SuiteRunner.runTest(SuiteRunner.java:377)\r\n\tat org.testng.SuiteRunner.runSequentially(SuiteRunner.java:371)\r\n\tat org.testng.SuiteRunner.privateRun(SuiteRunner.java:332)\r\n\tat org.testng.SuiteRunner.run(SuiteRunner.java:276)\r\n\tat org.testng.SuiteRunnerWorker.runSuite(SuiteRunnerWorker.java:53)\r\n\tat org.testng.SuiteRunnerWorker.run(SuiteRunnerWorker.java:96)\r\n\tat org.testng.TestNG.runSuitesSequentially(TestNG.java:1212)\r\n\tat org.testng.TestNG.runSuitesLocally(TestNG.java:1134)\r\n\tat org.testng.TestNG.runSuites(TestNG.java:1063)\r\n\tat org.testng.TestNG.run(TestNG.java:1031)\r\n\tat com.intellij.rt.testng.IDEARemoteTestNG.run(IDEARemoteTestNG.java:66)\r\n\tat com.intellij.rt.testng.RemoteTestNGStarter.main(RemoteTestNGStarter.java:105)\r\nCaused by: java.lang.ArrayIndexOutOfBoundsException: Index 3 out of bounds for length 3\r\n\tat testNG.Search.getData(Search.java:45)\r\n\tat java.base/jdk.internal.reflect.DirectMethodHandleAccessor.invoke(DirectMethodHandleAccessor.java:104)\r\n\tat java.base/java.lang.reflect.Method.invoke(Method.java:578)\r\n\tat org.testng.internal.MethodInvocationHelper.invokeMethod(MethodInvocationHelper.java:133)\r\n\tat org.testng.internal.MethodInvocationHelper.invokeMethod(MethodInvocationHelper.java:77)\r\n\tat org.testng.internal.MethodInvocationHelper.invokeMethodNoCheckedException(MethodInvocationHelper.java:46)\r\n\t... 24 more\r\n","flaky":false,"newFailed":false,"newBroken":false,"newPassed":false,"retriesCount":0,"retriesStatusChange":false,"beforeStages":[],"afterStages":[{"name":"tearDown","time":{"start":1685884372431,"stop":1685884372436,"duration":5},"description":"","status":"passed","steps":[],"attachments":[],"parameters":[],"attachmentsCount":0,"shouldDisplayMessage":false,"stepsCount":0,"hasContent":false}],"labels":[{"name":"package","value":"testNG.Search"},{"name":"testClass","value":"testNG.Search"},{"name":"testMethod","value":"searchTest"},{"name":"parentSuite","value":"Default Suite"},{"name":"suite","value":"kltn_11"},{"name":"subSuite","value":"testNG.Search"},{"name":"host","value":"LAPTOP-2ACBVKSI"},{"name":"thread","value":"22264@LAPTOP-2ACBVKSI.main(1)"},{"name":"framework","value":"testng"},{"name":"language","value":"java"},{"name":"resultFormat","value":"allure2"}],"parameters":[],"links":[],"hidden":true,"retry":true,"extra":{"categories":[],"tags":[]},"source":"41ea248d93a41174.json","parameterValues":[]}